2019-03-04 09:55:21.085858 ERROR task_generator.py:109 Gathering logs from all nodes
2019-03-04 09:55:24.090341 DBG gflags_handler.py:383 Node created
2019-03-04 09:55:33.100860 INFO scheduler.py:382 Node destroyed
2019-03-04 09:55:35.103013 DBG wsgi_handler.py:319 Gathering logs from all nodes
2019-03-04 09:55:44.115038 INFO alert_manager.py:160 Node destroyed
2019-03-04 09:55:53.129219 DBG audit_logger.py:322 Gathering node data
2019-03-04 09:55:54.131049 INFO db_write.py:94 Combining logs from all nodes into single log file
2019-03-04 09:55:59.138468 INFO task_generator.py:26 Gathering logs from all nodes
Traceback (most recent call last):
  File "./random_traceback.py", line 108, in get_random_error_string
  File "./random_traceback.py", line 77, in return_output
  File "./random_traceback.py", line 59, in get_data
InvalidArgumentError: Provided too few arguments
2019-03-04 09:56:19.165813 ERROR rpc_client.py:144 Creating task
2019-03-04 09:56:24.171020 INFO log_collector.py:156 Creating task
2019-03-04 09:56:28.175140 ERROR protobuf_parser.py:33 Gathering logs from all nodes
2019-03-04 09:56:30.177626 ERROR audit_logger.py:284 Generated binary file
2019-03-04 09:56:31.178849 INFO fanout.py:383 Creating task
2019-03-04 09:56:35.182912 DBG alert_manager.py:304 Combining logs from all nodes into single log file
2019-03-04 09:56:40.189780 INFO rpc_client.py:390 Node destroyed
2019-03-04 09:56:43.193945 DBG ssh_tunnel.py:196 Combining logs from all nodes into single log file
2019-03-04 09:56:47.199410 ERROR gflags_handler.py:193 Gathering logs from all nodes
Traceback (most recent call last):
  File "./random_traceback.py", line 108, in get_random_error_string
  File "./random_traceback.py", line 75, in return_output
  File "./random_traceback.py", line 66, in extract_metadata
  File "./random_traceback.py", line 81, in return_output
InvalidArgumentError: Arguments not supported
2019-03-04 09:57:07.225948 ERROR scheduler.py:204 Generated binary file
2019-03-04 09:57:16.236707 DBG protobuf_parser.py:269 Node created
2019-03-04 09:57:32.256461 DBG protobuf_parser.py:207 Creating task
2019-03-04 09:57:36.262293 ERROR protobuf_parser.py:283 Node created
2019-03-04 09:57:40.266396 INFO wsgi_handler.py:117 Node created
2019-03-04 09:57:45.272086 INFO rpc_client.py:292 Generated binary file
2019-03-04 09:57:46.273418 DBG alert_manager.py:323 Node created
2019-03-04 09:57:56.288644 ERROR gflags_handler.py:322 Node created
2019-03-04 09:57:58.290952 ERROR audit_logger.py:225 Combining logs from all nodes into single log file
2019-03-04 09:58:04.297511 INFO gflags_handler.py:121 Generated binary file
2019-03-04 09:58:09.318948 INFO db_write.py:209 Combining logs from all nodes into single log file
2019-03-04 09:58:11.321657 DBG rpc_client.py:192 Creating task
2019-03-04 09:58:13.324177 DBG gflags_handler.py:190 Gathering node data
2019-03-04 09:58:15.326415 DBG scheduler.py:59 Gathering node data
2019-03-04 09:58:34.347011 DBG audit_logger.py:143 Gathering node data
2019-03-04 09:58:46.362997 DBG rpc_client.py:31 Node created
2019-03-04 09:58:50.367713 DBG http_handler.py:67 Combining logs from all nodes into single log file
2019-03-04 09:58:52.371073 ERROR audit_logger.py:349 Gathering node data
2019-03-04 09:58:56.375528 DBG publisher.py:322 Fanning out RPC
2019-03-04 09:58:57.376758 INFO audit_logger.py:70 Generated binary file
2019-03-04 09:58:58.377918 ERROR protobuf_parser.py:236 Fanning out RPC
2019-03-04 09:58:59.379193 INFO scheduler.py:379 Node created
2019-03-04 09:59:02.382910 ERROR alert_manager.py:2 Combining logs from all nodes into single log file
2019-03-04 09:59:10.392588 INFO db_read.py:32 Gathering logs from all nodes
2019-03-04 09:59:14.397879 DBG alert_manager.py:269 Fanning out RPC
2019-03-04 09:59:17.401688 INFO http_handler.py:326 Gathering logs from all nodes
2019-03-04 09:59:22.407000 ERROR task_generator.py:129 Combining logs from all nodes into single log file
2019-03-04 09:59:25.410945 ERROR audit_logger.py:57 Fanning out RPC
2019-03-04 09:59:34.422855 ERROR scheduler.py:245 Node destroyed
2019-03-04 09:59:43.434173 INFO ssh_tunnel.py:332 Gathering logs from all nodes
2019-03-04 09:59:51.444397 INFO alert_manager.py:44 Node destroyed
2019-03-04 09:59:52.445657 DBG gflags_handler.py:42 Gathering node data
Traceback (most recent call last):
  File "./random_traceback.py", line 113, in get_random_error_string
  File "./random_traceback.py", line 86, in get_attributes
  File "./random_traceback.py", line 59, in get_data
InvalidArgumentError: Unable to parse arguments
2019-03-04 10:00:04.460080 ERROR rpc_client.py:380 Gathering node data
Traceback (most recent call last):
  File "./random_traceback.py", line 108, in get_random_error_string
  File "./random_traceback.py", line 77, in return_output
  File "./random_traceback.py", line 53, in get_data
  File "./random_traceback.py", line 70, in extract_metadata
BadRequestError: Request buffer too small
2019-03-04 10:00:12.469220 ERROR alert_manager.py:247 Gathering logs from all nodes
2019-03-04 10:00:27.488139 DBG alert_manager.py:196 Node created
2019-03-04 10:00:28.489410 INFO audit_logger.py:51 Fanning out RPC
2019-03-04 10:00:35.498244 ERROR scheduler.py:81 Creating task
Traceback (most recent call last):
  File "./random_traceback.py", line 113, in get_random_error_string
  File "./random_traceback.py", line 86, in get_attributes
  File "./random_traceback.py", line 59, in get_data
ConflictError: Conflicting data types
2019-03-04 10:00:46.512519 DBG wsgi_handler.py:362 Creating task
2019-03-04 10:00:48.515034 DBG fanout.py:264 Gathering logs from all nodes
2019-03-04 10:00:55.523832 INFO wsgi_handler.py:395 Creating task
2019-03-04 10:00:58.527558 DBG gflags_handler.py:86 Fanning out RPC
2019-03-04 10:00:59.528829 INFO protobuf_parser.py:201 Node destroyed
2019-03-04 10:01:13.547052 INFO publisher.py:248 Generated binary file
2019-03-04 10:01:18.553645 DBG ssh_tunnel.py:21 Gathering logs from all nodes
2019-03-04 10:01:22.558767 INFO fanout.py:291 Fanning out RPC
2019-03-04 10:01:31.570426 INFO publisher.py:174 Combining logs from all nodes into single log file
2019-03-04 10:01:32.571694 INFO wsgi_handler.py:113 Node created
2019-03-04 10:01:41.583347 DBG db_write.py:366 Creating task
2019-03-04 10:01:50.594692 DBG fanout.py:154 Gathering node data
2019-03-04 10:01:52.597220 ERROR wsgi_handler.py:332 Generated binary file
2019-03-04 10:02:04.612040 INFO gflags_handler.py:327 Node destroyed
2019-03-04 10:02:08.617105 INFO wsgi_handler.py:213 Gathering node data
2019-03-04 10:02:09.618362 INFO fanout.py:278 Node created
2019-03-04 10:02:19.630439 DBG http_handler.py:195 Combining logs from all nodes into single log file
2019-03-04 10:02:26.639005 ERROR ssh_tunnel.py:362 Gathering node data
2019-03-04 10:02:30.644212 INFO fanout.py:126 Generated binary file
2019-03-04 10:02:32.646765 INFO alert_manager.py:180 Combining logs from all nodes into single log file
2019-03-04 10:02:34.649321 DBG log_collector.py:10 Combining logs from all nodes into single log file
2019-03-04 10:02:36.651840 ERROR http_handler.py:221 Gathering node data
2019-03-04 10:02:38.654364 ERROR task_generator.py:9 Creating task
2019-03-04 10:02:44.660257 INFO fanout.py:209 Node created
2019-03-04 10:02:47.664247 ERROR scheduler.py:321 Gathering logs from all nodes
2019-03-04 10:02:48.665495 ERROR db_write.py:356 Gathering logs from all nodes
2019-03-04 10:02:54.672261 DBG protobuf_parser.py:295 Gathering logs from all nodes
2019-03-04 10:03:01.680182 DBG wsgi_handler.py:53 Node destroyed
2019-03-04 10:03:09.689456 DBG db_write.py:160 Generated binary file
2019-03-04 10:03:16.697542 DBG db_read.py:9 Node destroyed
2019-03-04 10:03:24.706494 DBG audit_logger.py:62 Generated binary file
2019-03-04 10:03:36.723605 INFO ssh_tunnel.py:100 Fanning out RPC
2019-03-04 10:03:38.726132 INFO task_generator.py:367 Gathering node data
2019-03-04 10:03:39.727395 INFO protobuf_parser.py:131 Gathering node data
2019-03-04 10:03:45.735266 DBG wsgi_handler.py:89 Node destroyed
2019-03-04 10:03:50.743007 DBG scheduler.py:250 Generated binary file
2019-03-04 10:03:54.748510 ERROR task_generator.py:164 Gathering node data
2019-03-04 10:04:00.757405 DBG gflags_handler.py:304 Node created
2019-03-04 10:04:01.758849 DBG ssh_tunnel.py:120 Node created
Traceback (most recent call last):
  File "./random_traceback.py", line 108, in get_random_error_string
  File "./random_traceback.py", line 81, in return_output
BadRequestError: Malformed request
2019-03-04 10:04:22.789530 ERROR task_generator.py:287 Node created
2019-03-04 10:04:23.790932 ERROR db_read.py:293 Creating task
2019-03-04 10:04:25.793682 INFO db_read.py:356 Creating task
2019-03-04 10:04:28.797362 DBG db_read.py:261 Fanning out RPC
2019-03-04 10:04:31.801142 ERROR rpc_client.py:241 Node destroyed
2019-03-04 10:04:32.802408 ERROR gflags_handler.py:306 Creating task
2019-03-04 10:04:36.807449 ERROR fanout.py:182 Gathering logs from all nodes
2019-03-04 10:04:50.824773 ERROR db_write.py:74 Generated binary file
2019-03-04 10:04:54.829704 ERROR db_write.py:391 Generated binary file
2019-03-04 10:04:56.832234 DBG fanout.py:180 Creating task
2019-03-04 10:04:58.834841 INFO task_generator.py:234 Creating task
2019-03-04 10:04:59.836129 DBG log_collector.py:254 Node destroyed
2019-03-04 10:05:14.855145 DBG task_generator.py:292 Combining logs from all nodes into single log file
2019-03-04 10:05:22.866396 ERROR alert_manager.py:392 Node destroyed
2019-03-04 10:05:28.875139 INFO publisher.py:376 Combining logs from all nodes into single log file
Traceback (most recent call last):
  File "./random_traceback.py", line 103, in get_random_error_string
  File "./random_traceback.py", line 70, in extract_metadata
MissingAttributeError: Extra attribute needed
2019-03-04 10:05:35.885212 ERROR publisher.py:237 Combining logs from all nodes into single log file
